<?xml version="1.0" encoding="UTF-8"?>
<!-- Generated by org.testng.reporters.JUnitReportReporter -->
<testsuite hostname="FG2000122000" failures="0" tests="4" name="com.democart.tests.RegisterPageTest" time="46.728" errors="0" timestamp="13 May 2021 09:09:03 GMT" skipped="0">
  <testcase classname="com.democart.tests.RegisterPageTest" name="registrationTest" time="11.823"/>
  <testcase classname="com.democart.tests.RegisterPageTest" name="registrationTest" time="11.525"/>
  <testcase classname="com.democart.tests.RegisterPageTest" name="registrationTest" time="11.325"/>
  <testcase classname="com.democart.tests.RegisterPageTest" name="registrationTest" time="12.055"/>
</testsuite> <!-- com.democart.tests.RegisterPageTest -->
