<?xml version="1.0" encoding="UTF-8"?>
<!-- Generated by org.testng.reporters.JUnitReportReporter -->
<testsuite hostname="FG2000122000" failures="0" tests="4" name="com.democart.tests.RegisterPageTest" time="39.196" errors="0" timestamp="12 May 2021 08:21:28 GMT" skipped="0">
  <testcase classname="com.democart.tests.RegisterPageTest" name="registrationTest" time="10.901"/>
  <testcase classname="com.democart.tests.RegisterPageTest" name="registrationTest" time="9.216"/>
  <testcase classname="com.democart.tests.RegisterPageTest" name="registrationTest" time="9.285"/>
  <testcase classname="com.democart.tests.RegisterPageTest" name="registrationTest" time="9.794"/>
</testsuite> <!-- com.democart.tests.RegisterPageTest -->
