<?xml version="1.0" encoding="UTF-8"?>
<!-- Generated by org.testng.reporters.JUnitReportReporter -->
<testsuite hostname="FG2000122000" failures="0" tests="4" name="com.democart.tests.RegisterPageTest" time="38.195" errors="0" timestamp="14 Apr 2021 09:41:12 GMT" skipped="0">
  <testcase classname="com.democart.tests.RegisterPageTest" name="registrationTest" time="9.498"/>
  <testcase classname="com.democart.tests.RegisterPageTest" name="registrationTest" time="9.499"/>
  <testcase classname="com.democart.tests.RegisterPageTest" name="registrationTest" time="9.453"/>
  <testcase classname="com.democart.tests.RegisterPageTest" name="registrationTest" time="9.745"/>
</testsuite> <!-- com.democart.tests.RegisterPageTest -->
